This file contains any messages produced by compilers while
running configure, to aid debugging if configure makes a mistake.

It was created by apertium-ces-rus configure 0.2.0, which was
generated by GNU Autoconf 2.69.  Invocation command line was

  $ ./configure --with-lang1=../apertium-ces --with-lang2=../apertium-rus

## --------- ##
## Platform. ##
## --------- ##

hostname = john-K55VD
uname -m = x86_64
uname -r = 4.4.0-71-generic
uname -s = Linux
uname -v = #92-Ubuntu SMP Fri Mar 24 12:59:01 UTC 2017

/usr/bin/uname -p = unknown
/bin/uname -X     = unknown

/bin/arch              = unknown
/usr/bin/arch -k       = unknown
/usr/convex/getsysinfo = unknown
/usr/bin/hostinfo      = unknown
/bin/machine           = unknown
/usr/bin/oslevel       = unknown
/bin/universe          = unknown

PATH: /home/john/anaconda3/bin
PATH: /home/john/gephi-0.9.1/bin
PATH: /home/john/bin
PATH: /home/john/.local/bin
PATH: /usr/local/sbin
PATH: /usr/local/bin
PATH: /usr/sbin
PATH: /usr/bin
PATH: /sbin
PATH: /bin
PATH: /usr/games
PATH: /usr/local/games
PATH: /snap/bin
PATH: /usr/lib/jvm/java-8-oracle/bin
PATH: /usr/lib/jvm/java-8-oracle/db/bin
PATH: /usr/lib/jvm/java-8-oracle/jre/bin
PATH: /usr/local/bin


## ----------- ##
## Core tests. ##
## ----------- ##

configure:1846: checking for a BSD-compatible install
configure:1914: result: /usr/bin/install -c
configure:1925: checking whether build environment is sane
configure:1980: result: yes
configure:2131: checking for a thread-safe mkdir -p
configure:2170: result: /bin/mkdir -p
configure:2177: checking for gawk
configure:2193: found /usr/bin/gawk
configure:2204: result: gawk
configure:2215: checking whether make sets $(MAKE)
configure:2237: result: yes
configure:2266: checking whether make supports nested variables
configure:2283: result: yes
configure:2401: checking whether ln -s works
configure:2405: result: yes
configure:2416: checking for gawk
configure:2443: result: gawk
configure:2510: checking for pkg-config
configure:2528: found /usr/bin/pkg-config
configure:2540: result: /usr/bin/pkg-config
configure:2565: checking pkg-config is at least version 0.9.0
configure:2568: result: yes
configure:2578: checking for APERTIUM
configure:2585: $PKG_CONFIG --exists --print-errors "apertium >= 3.3.0"
configure:2588: $? = 0
configure:2602: $PKG_CONFIG --exists --print-errors "apertium >= 3.3.0"
configure:2605: $? = 0
configure:2823: result: yes
configure:2830: checking for cg-comp
configure:2848: found /usr/bin/cg-comp
configure:2861: result: /usr/bin/cg-comp
configure:2880: checking for cg-proc
configure:2898: found /usr/bin/cg-proc
configure:2911: result: /usr/bin/cg-proc
configure:2930: checking for lrx-comp
configure:2948: found /usr/local/bin/lrx-comp
configure:2961: result: /usr/local/bin/lrx-comp
configure:2980: checking for lrx-proc
configure:2998: found /usr/local/bin/lrx-proc
configure:3011: result: /usr/local/bin/lrx-proc
configure:3030: checking for gzcat
configure:3061: result: no
configure:3071: checking for zcat
configure:3089: found /bin/zcat
configure:3102: result: /bin/zcat
configure:3512: checking that generated files are newer than configure
configure:3518: result: done
configure:3526: creating ./config.status

## ---------------------- ##
## Running config.status. ##
## ---------------------- ##

This file was extended by apertium-ces-rus config.status 0.2.0, which was
generated by GNU Autoconf 2.69.  Invocation command line was

  CONFIG_FILES    = 
  CONFIG_HEADERS  = 
  CONFIG_LINKS    = 
  CONFIG_COMMANDS = 
  $ ./config.status 

on john-K55VD

config.status:765: creating Makefile

## ---------------- ##
## Cache variables. ##
## ---------------- ##

ac_cv_env_APERTIUM_CES_CFLAGS_set=
ac_cv_env_APERTIUM_CES_CFLAGS_value=
ac_cv_env_APERTIUM_CES_LIBS_set=
ac_cv_env_APERTIUM_CES_LIBS_value=
ac_cv_env_APERTIUM_CFLAGS_set=
ac_cv_env_APERTIUM_CFLAGS_value=
ac_cv_env_APERTIUM_LIBS_set=
ac_cv_env_APERTIUM_LIBS_value=
ac_cv_env_APERTIUM_RUS_CFLAGS_set=
ac_cv_env_APERTIUM_RUS_CFLAGS_value=
ac_cv_env_APERTIUM_RUS_LIBS_set=
ac_cv_env_APERTIUM_RUS_LIBS_value=
ac_cv_env_AP_LIB1_set=
ac_cv_env_AP_LIB1_value=
ac_cv_env_AP_LIB2_set=
ac_cv_env_AP_LIB2_value=
ac_cv_env_AP_SRC1_set=
ac_cv_env_AP_SRC1_value=
ac_cv_env_AP_SRC2_set=
ac_cv_env_AP_SRC2_value=
ac_cv_env_AP_SUBDIRS_set=
ac_cv_env_AP_SUBDIRS_value=
ac_cv_env_PKG_CONFIG_LIBDIR_set=
ac_cv_env_PKG_CONFIG_LIBDIR_value=
ac_cv_env_PKG_CONFIG_PATH_set=set
ac_cv_env_PKG_CONFIG_PATH_value=/usr/local/lib/pkgconfig::/usr/local/share/pkgconfig:/usr/local/lib/pkgconfig
ac_cv_env_PKG_CONFIG_set=
ac_cv_env_PKG_CONFIG_value=
ac_cv_env_build_alias_set=
ac_cv_env_build_alias_value=
ac_cv_env_host_alias_set=
ac_cv_env_host_alias_value=
ac_cv_env_target_alias_set=
ac_cv_env_target_alias_value=
ac_cv_path_CGCOMP=/usr/bin/cg-comp
ac_cv_path_CGPROC=/usr/bin/cg-proc
ac_cv_path_GZCAT=no
ac_cv_path_LRXCOMP=/usr/local/bin/lrx-comp
ac_cv_path_LRXPROC=/usr/local/bin/lrx-proc
ac_cv_path_ZCAT=/bin/zcat
ac_cv_path_ac_pt_PKG_CONFIG=/usr/bin/pkg-config
ac_cv_path_install='/usr/bin/install -c'
ac_cv_path_mkdir=/bin/mkdir
ac_cv_prog_AWK=gawk
ac_cv_prog_make_make_set=yes
am_cv_make_support_nested_variables=yes
pkg_cv_APERTIUM_CFLAGS='-I/usr/local/include/apertium-3.4 -I/usr/local/lib/apertium-3.4/include -I/usr/local/include/lttoolbox-3.3 -I/usr/local/lib/lttoolbox-3.3/include -I/usr/include/libxml2'
pkg_cv_APERTIUM_LIBS='-L/usr/local/lib -lapertium3 -llttoolbox3 -lxml2 -lpcre'

## ----------------- ##
## Output variables. ##
## ----------------- ##

ACLOCAL='${SHELL} /home/john/GSOC/apertium/missing aclocal-1.15'
AMTAR='$${TAR-tar}'
AM_BACKSLASH='\'
AM_DEFAULT_V='$(AM_DEFAULT_VERBOSITY)'
AM_DEFAULT_VERBOSITY='1'
AM_V='$(V)'
APERTIUM_CES_CFLAGS=''
APERTIUM_CES_LIBS=''
APERTIUM_CFLAGS='-I/usr/local/include/apertium-3.4 -I/usr/local/lib/apertium-3.4/include -I/usr/local/include/lttoolbox-3.3 -I/usr/local/lib/lttoolbox-3.3/include -I/usr/include/libxml2'
APERTIUM_LIBS='-L/usr/local/lib -lapertium3 -llttoolbox3 -lxml2 -lpcre'
APERTIUM_RUS_CFLAGS=''
APERTIUM_RUS_LIBS=''
AP_LIB1='../apertium-ces'
AP_LIB2='../apertium-rus'
AP_SRC1='../apertium-ces'
AP_SRC2='../apertium-rus'
AP_SUBDIRS=' ../apertium-ces ../apertium-rus'
AUTOCONF='${SHELL} /home/john/GSOC/apertium/missing autoconf'
AUTOHEADER='${SHELL} /home/john/GSOC/apertium/missing autoheader'
AUTOMAKE='${SHELL} /home/john/GSOC/apertium/missing automake-1.15'
AWK='gawk'
CGCOMP='/usr/bin/cg-comp'
CGPROC='/usr/bin/cg-proc'
CYGPATH_W='echo'
DEFS='-DPACKAGE_NAME=\"apertium-ces-rus\" -DPACKAGE_TARNAME=\"apertium-ces-rus\" -DPACKAGE_VERSION=\"0.2.0\" -DPACKAGE_STRING=\"apertium-ces-rus\ 0.2.0\" -DPACKAGE_BUGREPORT=\"spectre360@users.sourceforge.net\" -DPACKAGE_URL=\"\"'
ECHO_C=''
ECHO_N='-n'
ECHO_T=''
GZCAT='no'
INSTALL_DATA='${INSTALL} -m 644'
INSTALL_PROGRAM='${INSTALL}'
INSTALL_SCRIPT='${INSTALL}'
INSTALL_STRIP_PROGRAM='$(install_sh) -c -s'
LIBOBJS=''
LIBS=''
LN_S='ln -s'
LRXCOMP='/usr/local/bin/lrx-comp'
LRXPROC='/usr/local/bin/lrx-proc'
LTLIBOBJS=''
MAKEINFO='${SHELL} /home/john/GSOC/apertium/missing makeinfo'
MKDIR_P='/bin/mkdir -p'
PACKAGE='apertium-ces-rus'
PACKAGE_BUGREPORT='spectre360@users.sourceforge.net'
PACKAGE_NAME='apertium-ces-rus'
PACKAGE_STRING='apertium-ces-rus 0.2.0'
PACKAGE_TARNAME='apertium-ces-rus'
PACKAGE_URL=''
PACKAGE_VERSION='0.2.0'
PATH_SEPARATOR=':'
PKG_CONFIG='/usr/bin/pkg-config'
PKG_CONFIG_LIBDIR=''
PKG_CONFIG_PATH='/usr/local/lib/pkgconfig::/usr/local/share/pkgconfig:/usr/local/lib/pkgconfig'
SET_MAKE=''
SHELL='/bin/bash'
STRIP=''
VERSION='0.2.0'
ZCAT='zcat'
am__isrc=''
am__leading_dot='.'
am__tar='$${TAR-tar} chof - "$$tardir"'
am__untar='$${TAR-tar} xf -'
bindir='${exec_prefix}/bin'
build_alias=''
datadir='${datarootdir}'
datarootdir='${prefix}/share'
docdir='${datarootdir}/doc/${PACKAGE_TARNAME}'
dvidir='${docdir}'
exec_prefix='${prefix}'
host_alias=''
htmldir='${docdir}'
includedir='${prefix}/include'
infodir='${datarootdir}/info'
install_sh='${SHELL} /home/john/GSOC/apertium/install-sh'
libdir='${exec_prefix}/lib'
libexecdir='${exec_prefix}/libexec'
localedir='${datarootdir}/locale'
localstatedir='${prefix}/var'
mandir='${datarootdir}/man'
mkdir_p='$(MKDIR_P)'
oldincludedir='/usr/include'
pdfdir='${docdir}'
prefix='/usr/local'
program_transform_name='s,x,x,'
psdir='${docdir}'
runstatedir='${localstatedir}/run'
sbindir='${exec_prefix}/sbin'
sharedstatedir='${prefix}/com'
sysconfdir='${prefix}/etc'
target_alias=''

## ----------- ##
## confdefs.h. ##
## ----------- ##

/* confdefs.h */
#define PACKAGE_NAME "apertium-ces-rus"
#define PACKAGE_TARNAME "apertium-ces-rus"
#define PACKAGE_VERSION "0.2.0"
#define PACKAGE_STRING "apertium-ces-rus 0.2.0"
#define PACKAGE_BUGREPORT "spectre360@users.sourceforge.net"
#define PACKAGE_URL ""

configure: exit 0
