This file contains any messages produced by compilers while
running configure, to aid debugging if configure makes a mistake.

It was created by Apertium Czech configure 0.1.0, which was
generated by GNU Autoconf 2.69.  Invocation command line was

  $ ./configure 

## --------- ##
## Platform. ##
## --------- ##

hostname = john-K55VD
uname -m = x86_64
uname -r = 4.4.0-71-generic
uname -s = Linux
uname -v = #92-Ubuntu SMP Fri Mar 24 12:59:01 UTC 2017

/usr/bin/uname -p = unknown
/bin/uname -X     = unknown

/bin/arch              = unknown
/usr/bin/arch -k       = unknown
/usr/convex/getsysinfo = unknown
/usr/bin/hostinfo      = unknown
/bin/machine           = unknown
/usr/bin/oslevel       = unknown
/bin/universe          = unknown

PATH: /home/john/anaconda3/bin
PATH: /home/john/gephi-0.9.1/bin
PATH: /home/john/bin
PATH: /home/john/.local/bin
PATH: /usr/local/sbin
PATH: /usr/local/bin
PATH: /usr/sbin
PATH: /usr/bin
PATH: /sbin
PATH: /bin
PATH: /usr/games
PATH: /usr/local/games
PATH: /snap/bin
PATH: /usr/lib/jvm/java-8-oracle/bin
PATH: /usr/lib/jvm/java-8-oracle/db/bin
PATH: /usr/lib/jvm/java-8-oracle/jre/bin
PATH: /usr/local/bin


## ----------- ##
## Core tests. ##
## ----------- ##

configure:1799: checking for a BSD-compatible install
configure:1867: result: /usr/bin/install -c
configure:1878: checking whether build environment is sane
configure:1933: result: yes
configure:2084: checking for a thread-safe mkdir -p
configure:2123: result: /bin/mkdir -p
configure:2130: checking for gawk
configure:2146: found /usr/bin/gawk
configure:2157: result: gawk
configure:2168: checking whether make sets $(MAKE)
configure:2190: result: yes
configure:2219: checking whether make supports nested variables
configure:2236: result: yes
configure:2363: checking whether ln -s works
configure:2367: result: yes
configure:2378: checking for gawk
configure:2405: result: gawk
configure:2474: checking for pkg-config
configure:2492: found /usr/bin/pkg-config
configure:2504: result: /usr/bin/pkg-config
configure:2529: checking pkg-config is at least version 0.9.0
configure:2532: result: yes
configure:2542: checking for APERTIUM
configure:2549: $PKG_CONFIG --exists --print-errors "apertium >= 3.4.0"
configure:2552: $? = 0
configure:2566: $PKG_CONFIG --exists --print-errors "apertium >= 3.4.0"
configure:2569: $? = 0
configure:2627: result: yes
configure:2633: checking for LTTOOLBOX
configure:2640: $PKG_CONFIG --exists --print-errors "lttoolbox >= 3.3.2"
configure:2643: $? = 0
configure:2657: $PKG_CONFIG --exists --print-errors "lttoolbox >= 3.3.2"
configure:2660: $? = 0
configure:2718: result: yes
configure:2725: checking for cg-comp
configure:2743: found /usr/bin/cg-comp
configure:2756: result: /usr/bin/cg-comp
configure:2981: checking that generated files are newer than configure
configure:2987: result: done
configure:2995: creating ./config.status

## ---------------------- ##
## Running config.status. ##
## ---------------------- ##

This file was extended by Apertium Czech config.status 0.1.0, which was
generated by GNU Autoconf 2.69.  Invocation command line was

  CONFIG_FILES    = 
  CONFIG_HEADERS  = 
  CONFIG_LINKS    = 
  CONFIG_COMMANDS = 
  $ ./config.status 

on john-K55VD

config.status:782: creating Makefile
config.status:782: creating apertium-ces.pc

## ---------------- ##
## Cache variables. ##
## ---------------- ##

ac_cv_env_APERTIUM_CFLAGS_set=
ac_cv_env_APERTIUM_CFLAGS_value=
ac_cv_env_APERTIUM_LIBS_set=
ac_cv_env_APERTIUM_LIBS_value=
ac_cv_env_LTTOOLBOX_CFLAGS_set=
ac_cv_env_LTTOOLBOX_CFLAGS_value=
ac_cv_env_LTTOOLBOX_LIBS_set=
ac_cv_env_LTTOOLBOX_LIBS_value=
ac_cv_env_PKG_CONFIG_LIBDIR_set=
ac_cv_env_PKG_CONFIG_LIBDIR_value=
ac_cv_env_PKG_CONFIG_PATH_set=set
ac_cv_env_PKG_CONFIG_PATH_value=/usr/local/lib/pkgconfig::/usr/local/share/pkgconfig:/usr/local/lib/pkgconfig
ac_cv_env_PKG_CONFIG_set=
ac_cv_env_PKG_CONFIG_value=
ac_cv_env_build_alias_set=
ac_cv_env_build_alias_value=
ac_cv_env_host_alias_set=
ac_cv_env_host_alias_value=
ac_cv_env_target_alias_set=
ac_cv_env_target_alias_value=
ac_cv_path_CGCOMP=/usr/bin/cg-comp
ac_cv_path_ac_pt_PKG_CONFIG=/usr/bin/pkg-config
ac_cv_path_install='/usr/bin/install -c'
ac_cv_path_mkdir=/bin/mkdir
ac_cv_prog_AWK=gawk
ac_cv_prog_make_make_set=yes
am_cv_make_support_nested_variables=yes
pkg_cv_APERTIUM_CFLAGS='-I/usr/local/include/apertium-3.4 -I/usr/local/lib/apertium-3.4/include -I/usr/local/include/lttoolbox-3.3 -I/usr/local/lib/lttoolbox-3.3/include -I/usr/include/libxml2'
pkg_cv_APERTIUM_LIBS='-L/usr/local/lib -lapertium3 -llttoolbox3 -lxml2 -lpcre'
pkg_cv_LTTOOLBOX_CFLAGS='-I/usr/local/include/lttoolbox-3.3 -I/usr/local/lib/lttoolbox-3.3/include -I/usr/include/libxml2'
pkg_cv_LTTOOLBOX_LIBS='-L/usr/local/lib -llttoolbox3 -lxml2'

## ----------------- ##
## Output variables. ##
## ----------------- ##

ACLOCAL='${SHELL} /home/john/GSOC/apertium/missing aclocal-1.15'
AMTAR='$${TAR-tar}'
AM_BACKSLASH='\'
AM_DEFAULT_V='$(AM_DEFAULT_VERBOSITY)'
AM_DEFAULT_VERBOSITY='1'
AM_V='$(V)'
APERTIUM_CFLAGS='-I/usr/local/include/apertium-3.4 -I/usr/local/lib/apertium-3.4/include -I/usr/local/include/lttoolbox-3.3 -I/usr/local/lib/lttoolbox-3.3/include -I/usr/include/libxml2'
APERTIUM_LIBS='-L/usr/local/lib -lapertium3 -llttoolbox3 -lxml2 -lpcre'
AUTOCONF='${SHELL} /home/john/GSOC/apertium/missing autoconf'
AUTOHEADER='${SHELL} /home/john/GSOC/apertium/missing autoheader'
AUTOMAKE='${SHELL} /home/john/GSOC/apertium/missing automake-1.15'
AWK='gawk'
CGCOMP='/usr/bin/cg-comp'
CYGPATH_W='echo'
DEFS='-DPACKAGE_NAME=\"Apertium\ Czech\" -DPACKAGE_TARNAME=\"apertium-ces\" -DPACKAGE_VERSION=\"0.1.0\" -DPACKAGE_STRING=\"Apertium\ Czech\ 0.1.0\" -DPACKAGE_BUGREPORT=\"francis.tyers@gmail.com\" -DPACKAGE_URL=\"http://wiki.apertium.org/wiki/Apertium-ces\" -DPACKAGE=\"apertium-ces\" -DVERSION=\"0.1.0\"'
ECHO_C=''
ECHO_N='-n'
ECHO_T=''
INSTALL_DATA='${INSTALL} -m 644'
INSTALL_PROGRAM='${INSTALL}'
INSTALL_SCRIPT='${INSTALL}'
INSTALL_STRIP_PROGRAM='$(install_sh) -c -s'
LIBOBJS=''
LIBS=''
LN_S='ln -s'
LTLIBOBJS=''
LTTOOLBOX_CFLAGS='-I/usr/local/include/lttoolbox-3.3 -I/usr/local/lib/lttoolbox-3.3/include -I/usr/include/libxml2'
LTTOOLBOX_LIBS='-L/usr/local/lib -llttoolbox3 -lxml2'
MAKEINFO='${SHELL} /home/john/GSOC/apertium/missing makeinfo'
MKDIR_P='/bin/mkdir -p'
PACKAGE='apertium-ces'
PACKAGE_BUGREPORT='francis.tyers@gmail.com'
PACKAGE_NAME='Apertium Czech'
PACKAGE_STRING='Apertium Czech 0.1.0'
PACKAGE_TARNAME='apertium-ces'
PACKAGE_URL='http://wiki.apertium.org/wiki/Apertium-ces'
PACKAGE_VERSION='0.1.0'
PATH_SEPARATOR=':'
PKG_CONFIG='/usr/bin/pkg-config'
PKG_CONFIG_LIBDIR=''
PKG_CONFIG_PATH='/usr/local/lib/pkgconfig::/usr/local/share/pkgconfig:/usr/local/lib/pkgconfig'
SET_MAKE=''
SHELL='/bin/bash'
STRIP=''
VERSION='0.1.0'
am__isrc=''
am__leading_dot='.'
am__tar='$${TAR-tar} chof - "$$tardir"'
am__untar='$${TAR-tar} xf -'
bindir='${exec_prefix}/bin'
build_alias=''
datadir='${datarootdir}'
datarootdir='${prefix}/share'
docdir='${datarootdir}/doc/${PACKAGE_TARNAME}'
dvidir='${docdir}'
exec_prefix='${prefix}'
host_alias=''
htmldir='${docdir}'
includedir='${prefix}/include'
infodir='${datarootdir}/info'
install_sh='${SHELL} /home/john/GSOC/apertium/install-sh'
libdir='${exec_prefix}/lib'
libexecdir='${exec_prefix}/libexec'
localedir='${datarootdir}/locale'
localstatedir='${prefix}/var'
mandir='${datarootdir}/man'
mkdir_p='$(MKDIR_P)'
oldincludedir='/usr/include'
pdfdir='${docdir}'
prefix='/usr/local'
program_transform_name='s,x,x,'
psdir='${docdir}'
runstatedir='${localstatedir}/run'
sbindir='${exec_prefix}/sbin'
sharedstatedir='${prefix}/com'
sysconfdir='${prefix}/etc'
target_alias=''

## ------------------- ##
## File substitutions. ##
## ------------------- ##

ap_include='./ap_include.am'

## ----------- ##
## confdefs.h. ##
## ----------- ##

/* confdefs.h */
#define PACKAGE_NAME "Apertium Czech"
#define PACKAGE_TARNAME "apertium-ces"
#define PACKAGE_VERSION "0.1.0"
#define PACKAGE_STRING "Apertium Czech 0.1.0"
#define PACKAGE_BUGREPORT "francis.tyers@gmail.com"
#define PACKAGE_URL "http://wiki.apertium.org/wiki/Apertium-ces"
#define PACKAGE "apertium-ces"
#define VERSION "0.1.0"

configure: exit 0
